<?xml version="1.0" encoding="UTF-8"?>
<testsuite xmlns:xsi="http://www.w3.org/2001/XMLSchema-instance" xsi:noNamespaceSchemaLocation="https://maven.apache.org/surefire/maven-surefire-plugin/xsd/surefire-test-report-3.0.xsd" version="3.0" name="TestSuite" time="2.436" tests="1" errors="0" skipped="0" failures="0">
  <properties>
[...]
</properties>
  <testcase name="runScenario[&quot;test1&quot;, &quot;BDD test sample test&quot;](1)" classname="TestRunner.TestRunnerClass" time="0.076">
    <system-out><![CDATA[No. of scenarios = 1

Scenario: test1                         # src/main/resources/featurefiles/apptest.feature:23
From - I want to run a sample BDD test method
  Given I want to run a sample BDD test # stepDefFiles.apptestStepDef.i_want_to_run_a_sample_bdd_test()
]]></system-out>
    <system-err><![CDATA[SLF4J: Failed to load class "org.slf4j.impl.StaticLoggerBinder".
SLF4J: Defaulting to no-operation (NOP) logger implementation
SLF4J: See http://www.slf4j.org/codes.html#StaticLoggerBinder for further details.
]]></system-err>
  </testcase>
</testsuite>