<?xml version="1.0" encoding="UTF-8"?>
<testng-results ignored="0" total="1" passed="1" failed="0" skipped="0">
  <reporter-output>
  </reporter-output>
  <suite started-at="2024-05-08T11:18:41 CDT" name="Suite" finished-at="2024-05-08T11:18:43 CDT" duration-ms="1962">
    <groups>
      <group name="cucumber">
        <method signature="AbstractTestNGCucumberTests.runScenario(io.cucumber.testng.PickleWrapper,io.cucumber.testng.FeatureWrapper)[pri:0, instance:TestRunner.TestRunnerClass@343fddd9]" name="runScenario" class="io.cucumber.testng.AbstractTestNGCucumberTests"/>
      </group> <!-- cucumber -->
    </groups>
    <test started-at="2024-05-08T11:18:41 CDT" name="Test1" finished-at="2024-05-08T11:18:43 CDT" duration-ms="1962">
      <class name="TestRunner.TestRunnerClass">
        <test-method is-config="true" signature="setUpClass(org.testng.ITestContext)[pri:0, instance:TestRunner.TestRunnerClass@343fddd9]" started-at="2024-05-08T11:18:41 CDT" name="setUpClass" finished-at="2024-05-08T11:18:42 CDT" duration-ms="504" status="PASS">
          <params>
            <param index="0">
              <value>
                <![CDATA[org.testng.TestRunner@4b515eab]]>
              </value>
            </param>
          </params>
          <reporter-output>
          </reporter-output>
        </test-method> <!-- setUpClass -->
        <test-method signature="runScenario(io.cucumber.testng.PickleWrapper,io.cucumber.testng.FeatureWrapper)[pri:0, instance:TestRunner.TestRunnerClass@343fddd9]" started-at="2024-05-08T11:18:42 CDT" name="runScenario" description="Runs Cucumber Scenarios" data-provider="scenarios" finished-at="2024-05-08T11:18:42 CDT" duration-ms="76" status="PASS">
          <params>
            <param index="0">
              <value>
                <![CDATA["test1"]]>
              </value>
            </param>
            <param index="1">
              <value>
                <![CDATA["BDD test sample test"]]>
              </value>
            </param>
          </params>
          <reporter-output>
          </reporter-output>
        </test-method> <!-- runScenario -->
        <test-method is-config="true" signature="tearDownClass()[pri:0, instance:TestRunner.TestRunnerClass@343fddd9]" started-at="2024-05-08T11:18:42 CDT" name="tearDownClass" finished-at="2024-05-08T11:18:43 CDT" duration-ms="1331" status="PASS">
          <reporter-output>
          </reporter-output>
        </test-method> <!-- tearDownClass -->
      </class> <!-- TestRunner.TestRunnerClass -->
    </test> <!-- Test1 -->
  </suite> <!-- Suite -->
</testng-results>
