<?xml version="1.0" encoding="UTF-8"?>
<testng-results ignored="0" total="1" passed="1" failed="0" skipped="0">
  <reporter-output>
  </reporter-output>
  <suite started-at="2024-05-07T09:25:28 CDT" name="Suite" finished-at="2024-05-07T09:25:31 CDT" duration-ms="2965">
    <groups>
      <group name="cucumber">
        <method signature="AbstractTestNGCucumberTests.runScenario(io.cucumber.testng.PickleWrapper,io.cucumber.testng.FeatureWrapper)[pri:0, instance:TestRunner.TestRunnerClass@cb0755b]" name="runScenario" class="io.cucumber.testng.AbstractTestNGCucumberTests"/>
      </group> <!-- cucumber -->
    </groups>
    <test started-at="2024-05-07T09:25:28 CDT" name="Test1" finished-at="2024-05-07T09:25:31 CDT" duration-ms="2965">
      <class name="TestRunner.TestRunnerClass">
        <test-method is-config="true" signature="setUpClass(org.testng.ITestContext)[pri:0, instance:TestRunner.TestRunnerClass@cb0755b]" started-at="2024-05-07T09:25:28 CDT" name="setUpClass" finished-at="2024-05-07T09:25:29 CDT" duration-ms="1012" status="PASS">
          <params>
            <param index="0">
              <value>
                <![CDATA[org.testng.TestRunner@5f0fd5a0]]>
              </value>
            </param>
          </params>
          <reporter-output>
          </reporter-output>
        </test-method> <!-- setUpClass -->
        <test-method signature="runScenario(io.cucumber.testng.PickleWrapper,io.cucumber.testng.FeatureWrapper)[pri:0, instance:TestRunner.TestRunnerClass@cb0755b]" started-at="2024-05-07T09:25:29 CDT" name="runScenario" description="Runs Cucumber Scenarios" data-provider="scenarios" finished-at="2024-05-07T09:25:29 CDT" duration-ms="104" status="PASS">
          <params>
            <param index="0">
              <value>
                <![CDATA["test1"]]>
              </value>
            </param>
            <param index="1">
              <value>
                <![CDATA["BDD test sample test"]]>
              </value>
            </param>
          </params>
          <reporter-output>
          </reporter-output>
        </test-method> <!-- runScenario -->
        <test-method is-config="true" signature="tearDownClass()[pri:0, instance:TestRunner.TestRunnerClass@cb0755b]" started-at="2024-05-07T09:25:29 CDT" name="tearDownClass" finished-at="2024-05-07T09:25:31 CDT" duration-ms="1751" status="PASS">
          <reporter-output>
          </reporter-output>
        </test-method> <!-- tearDownClass -->
      </class> <!-- TestRunner.TestRunnerClass -->
    </test> <!-- Test1 -->
  </suite> <!-- Suite -->
</testng-results>
